{"D:\\INCIEM\\E-COMMERCE\\Backend\\app.js": {"path":"D:\\INCIEM\\E-COMMERCE\\Backend\\app.js","statementMap":{"0":{"start":{"line":2,"column":16},"end":{"line":2,"column":34}},"1":{"start":{"line":3,"column":0},"end":{"line":3,"column":17}},"2":{"start":{"line":4,"column":13},"end":{"line":4,"column":28}},"3":{"start":{"line":5,"column":15},"end":{"line":5,"column":32}},"4":{"start":{"line":8,"column":22},"end":{"line":8,"column":43}},"5":{"start":{"line":12,"column":4},"end":{"line":12,"column":48}},"6":{"start":{"line":15,"column":19},"end":{"line":15,"column":56}},"7":{"start":{"line":16,"column":22},"end":{"line":16,"column":62}},"8":{"start":{"line":17,"column":20},"end":{"line":17,"column":58}},"9":{"start":{"line":20,"column":0},"end":{"line":20,"column":11}},"10":{"start":{"line":22,"column":12},"end":{"line":22,"column":21}},"11":{"start":{"line":25,"column":0},"end":{"line":25,"column":15}},"12":{"start":{"line":27,"column":0},"end":{"line":27,"column":23}},"13":{"start":{"line":30,"column":0},"end":{"line":47,"column":2}},"14":{"start":{"line":31,"column":2},"end":{"line":46,"column":13}},"15":{"start":{"line":50,"column":0},"end":{"line":50,"column":25}},"16":{"start":{"line":52,"column":0},"end":{"line":52,"column":32}},"17":{"start":{"line":53,"column":0},"end":{"line":53,"column":38}},"18":{"start":{"line":54,"column":0},"end":{"line":54,"column":34}},"19":{"start":{"line":56,"column":0},"end":{"line":56,"column":21}},"20":{"start":{"line":57,"column":0},"end":{"line":57,"column":25}},"21":{"start":{"line":60,"column":0},"end":{"line":62,"column":2}},"22":{"start":{"line":61,"column":2},"end":{"line":61,"column":26}},"23":{"start":{"line":64,"column":0},"end":{"line":64,"column":20}}},"fnMap":{"0":{"name":"(anonymous_0)","decl":{"start":{"line":30,"column":24},"end":{"line":30,"column":25}},"loc":{"start":{"line":30,"column":46},"end":{"line":47,"column":1}},"line":30},"1":{"name":"(anonymous_1)","decl":{"start":{"line":60,"column":19},"end":{"line":60,"column":20}},"loc":{"start":{"line":60,"column":33},"end":{"line":62,"column":1}},"line":60}},"branchMap":{},"s":{"0":1,"1":1,"2":1,"3":1,"4":1,"5":1,"6":1,"7":1,"8":1,"9":1,"10":1,"11":1,"12":1,"13":1,"14":2,"15":1,"16":1,"17":1,"18":1,"19":1,"20":1,"21":1,"22":0,"23":1},"f":{"0":2,"1":0},"b":{},"_coverageSchema":"1a1c01bbd47fc00a2c39e90264f33305004495a9","hash":"eb0528695afc0931d0cfde0a0e7db011c0ac0bbb"}
,"D:\\INCIEM\\E-COMMERCE\\Backend\\auth\\auth.js": {"path":"D:\\INCIEM\\E-COMMERCE\\Backend\\auth\\auth.js","statementMap":{"0":{"start":{"line":1,"column":12},"end":{"line":1,"column":35}},"1":{"start":{"line":3,"column":22},"end":{"line":8,"column":1}},"2":{"start":{"line":4,"column":16},"end":{"line":6,"column":4}},"3":{"start":{"line":7,"column":2},"end":{"line":7,"column":14}},"4":{"start":{"line":9,"column":0},"end":{"line":9,"column":34}}},"fnMap":{"0":{"name":"(anonymous_0)","decl":{"start":{"line":3,"column":22},"end":{"line":3,"column":23}},"loc":{"start":{"line":3,"column":30},"end":{"line":8,"column":1}},"line":3}},"branchMap":{},"s":{"0":1,"1":1,"2":0,"3":0,"4":1},"f":{"0":0},"b":{},"_coverageSchema":"1a1c01bbd47fc00a2c39e90264f33305004495a9","hash":"8a974d432e7212178f7147c869d63f4979e0b6f7"}
,"D:\\INCIEM\\E-COMMERCE\\Backend\\src\\controller\\orderController.js": {"path":"D:\\INCIEM\\E-COMMERCE\\Backend\\src\\controller\\orderController.js","statementMap":{"0":{"start":{"line":1,"column":14},"end":{"line":1,"column":44}},"1":{"start":{"line":2,"column":16},"end":{"line":2,"column":48}},"2":{"start":{"line":5,"column":20},"end":{"line":29,"column":1}},"3":{"start":{"line":6,"column":2},"end":{"line":28,"column":3}},"4":{"start":{"line":7,"column":34},"end":{"line":7,"column":42}},"5":{"start":{"line":8,"column":19},"end":{"line":8,"column":31}},"6":{"start":{"line":9,"column":26},"end":{"line":9,"column":57}},"7":{"start":{"line":10,"column":24},"end":{"line":10,"column":54}},"8":{"start":{"line":11,"column":18},"end":{"line":16,"column":6}},"9":{"start":{"line":18,"column":27},"end":{"line":20,"column":39}},"10":{"start":{"line":22,"column":4},"end":{"line":25,"column":6}},"11":{"start":{"line":27,"column":4},"end":{"line":27,"column":15}},"12":{"start":{"line":32,"column":19},"end":{"line":52,"column":1}},"13":{"start":{"line":33,"column":2},"end":{"line":51,"column":3}},"14":{"start":{"line":34,"column":20},"end":{"line":34,"column":38}},"15":{"start":{"line":36,"column":4},"end":{"line":46,"column":5}},"16":{"start":{"line":37,"column":6},"end":{"line":37,"column":22}},"17":{"start":{"line":38,"column":6},"end":{"line":40,"column":36}},"18":{"start":{"line":41,"column":6},"end":{"line":41,"column":22}},"19":{"start":{"line":43,"column":6},"end":{"line":45,"column":36}},"20":{"start":{"line":48,"column":4},"end":{"line":48,"column":32}},"21":{"start":{"line":50,"column":4},"end":{"line":50,"column":15}},"22":{"start":{"line":55,"column":20},"end":{"line":86,"column":1}},"23":{"start":{"line":56,"column":2},"end":{"line":85,"column":3}},"24":{"start":{"line":57,"column":20},"end":{"line":57,"column":38}},"25":{"start":{"line":58,"column":16},"end":{"line":58,"column":74}},"26":{"start":{"line":60,"column":4},"end":{"line":63,"column":5}},"27":{"start":{"line":61,"column":6},"end":{"line":61,"column":21}},"28":{"start":{"line":62,"column":6},"end":{"line":62,"column":40}},"29":{"start":{"line":65,"column":24},"end":{"line":67,"column":25}},"30":{"start":{"line":68,"column":4},"end":{"line":77,"column":40}},"31":{"start":{"line":79,"column":4},"end":{"line":82,"column":6}},"32":{"start":{"line":84,"column":4},"end":{"line":84,"column":15}},"33":{"start":{"line":89,"column":20},"end":{"line":105,"column":1}},"34":{"start":{"line":90,"column":2},"end":{"line":104,"column":3}},"35":{"start":{"line":91,"column":18},"end":{"line":91,"column":36}},"36":{"start":{"line":92,"column":25},"end":{"line":92,"column":63}},"37":{"start":{"line":94,"column":4},"end":{"line":97,"column":5}},"38":{"start":{"line":95,"column":6},"end":{"line":95,"column":21}},"39":{"start":{"line":96,"column":6},"end":{"line":96,"column":40}},"40":{"start":{"line":99,"column":4},"end":{"line":101,"column":6}},"41":{"start":{"line":103,"column":4},"end":{"line":103,"column":15}},"42":{"start":{"line":107,"column":0},"end":{"line":107,"column":70}}},"fnMap":{"0":{"name":"(anonymous_0)","decl":{"start":{"line":5,"column":20},"end":{"line":5,"column":21}},"loc":{"start":{"line":5,"column":46},"end":{"line":29,"column":1}},"line":5},"1":{"name":"(anonymous_1)","decl":{"start":{"line":32,"column":19},"end":{"line":32,"column":20}},"loc":{"start":{"line":32,"column":45},"end":{"line":52,"column":1}},"line":32},"2":{"name":"(anonymous_2)","decl":{"start":{"line":55,"column":20},"end":{"line":55,"column":21}},"loc":{"start":{"line":55,"column":46},"end":{"line":86,"column":1}},"line":55},"3":{"name":"(anonymous_3)","decl":{"start":{"line":89,"column":20},"end":{"line":89,"column":21}},"loc":{"start":{"line":89,"column":46},"end":{"line":105,"column":1}},"line":89}},"branchMap":{"0":{"loc":{"start":{"line":36,"column":4},"end":{"line":46,"column":5}},"type":"if","locations":[{"start":{"line":36,"column":4},"end":{"line":46,"column":5}},{"start":{"line":42,"column":11},"end":{"line":46,"column":5}}],"line":36},"1":{"loc":{"start":{"line":60,"column":4},"end":{"line":63,"column":5}},"type":"if","locations":[{"start":{"line":60,"column":4},"end":{"line":63,"column":5}},{"start":{},"end":{}}],"line":60},"2":{"loc":{"start":{"line":65,"column":24},"end":{"line":67,"column":25}},"type":"cond-expr","locations":[{"start":{"line":66,"column":8},"end":{"line":66,"column":47}},{"start":{"line":67,"column":8},"end":{"line":67,"column":25}}],"line":65},"3":{"loc":{"start":{"line":94,"column":4},"end":{"line":97,"column":5}},"type":"if","locations":[{"start":{"line":94,"column":4},"end":{"line":97,"column":5}},{"start":{},"end":{}}],"line":94}},"s":{"0":1,"1":1,"2":1,"3":1,"4":1,"5":1,"6":1,"7":1,"8":1,"9":1,"10":1,"11":0,"12":1,"13":1,"14":1,"15":1,"16":1,"17":1,"18":1,"19":0,"20":1,"21":0,"22":1,"23":0,"24":0,"25":0,"26":0,"27":0,"28":0,"29":0,"30":0,"31":0,"32":0,"33":1,"34":0,"35":0,"36":0,"37":0,"38":0,"39":0,"40":0,"41":0,"42":1},"f":{"0":1,"1":1,"2":0,"3":0},"b":{"0":[1,0],"1":[0,0],"2":[0,0],"3":[0,0]},"_coverageSchema":"1a1c01bbd47fc00a2c39e90264f33305004495a9","hash":"d7c8f208ba53cccc1510ea09c4b66d5bd2f31310"}
,"D:\\INCIEM\\E-COMMERCE\\Backend\\src\\controller\\productController.js": {"path":"D:\\INCIEM\\E-COMMERCE\\Backend\\src\\controller\\productController.js","statementMap":{"0":{"start":{"line":1,"column":16},"end":{"line":1,"column":48}},"1":{"start":{"line":3,"column":19},"end":{"line":36,"column":1}},"2":{"start":{"line":4,"column":2},"end":{"line":35,"column":3}},"3":{"start":{"line":5,"column":63},"end":{"line":5,"column":71}},"4":{"start":{"line":7,"column":4},"end":{"line":10,"column":5}},"5":{"start":{"line":8,"column":6},"end":{"line":8,"column":21}},"6":{"start":{"line":9,"column":6},"end":{"line":9,"column":52}},"7":{"start":{"line":12,"column":26},"end":{"line":14,"column":6}},"8":{"start":{"line":15,"column":4},"end":{"line":18,"column":5}},"9":{"start":{"line":16,"column":6},"end":{"line":16,"column":21}},"10":{"start":{"line":17,"column":6},"end":{"line":17,"column":71}},"11":{"start":{"line":19,"column":23},"end":{"line":26,"column":5}},"12":{"start":{"line":27,"column":20},"end":{"line":27,"column":52}},"13":{"start":{"line":28,"column":4},"end":{"line":32,"column":6}},"14":{"start":{"line":34,"column":4},"end":{"line":34,"column":15}},"15":{"start":{"line":38,"column":21},"end":{"line":47,"column":1}},"16":{"start":{"line":39,"column":2},"end":{"line":46,"column":3}},"17":{"start":{"line":40,"column":21},"end":{"line":40,"column":61}},"18":{"start":{"line":41,"column":4},"end":{"line":43,"column":6}},"19":{"start":{"line":45,"column":4},"end":{"line":45,"column":15}},"20":{"start":{"line":49,"column":22},"end":{"line":68,"column":1}},"21":{"start":{"line":50,"column":2},"end":{"line":67,"column":3}},"22":{"start":{"line":51,"column":20},"end":{"line":51,"column":33}},"23":{"start":{"line":52,"column":18},"end":{"line":52,"column":26}},"24":{"start":{"line":53,"column":26},"end":{"line":57,"column":5}},"25":{"start":{"line":59,"column":4},"end":{"line":62,"column":5}},"26":{"start":{"line":60,"column":6},"end":{"line":60,"column":21}},"27":{"start":{"line":61,"column":6},"end":{"line":61,"column":39}},"28":{"start":{"line":64,"column":4},"end":{"line":64,"column":27}},"29":{"start":{"line":66,"column":4},"end":{"line":66,"column":15}},"30":{"start":{"line":70,"column":22},"end":{"line":86,"column":1}},"31":{"start":{"line":71,"column":2},"end":{"line":85,"column":3}},"32":{"start":{"line":72,"column":20},"end":{"line":72,"column":33}},"33":{"start":{"line":73,"column":27},"end":{"line":73,"column":69}},"34":{"start":{"line":75,"column":4},"end":{"line":78,"column":5}},"35":{"start":{"line":76,"column":6},"end":{"line":76,"column":21}},"36":{"start":{"line":77,"column":6},"end":{"line":77,"column":42}},"37":{"start":{"line":80,"column":4},"end":{"line":82,"column":6}},"38":{"start":{"line":84,"column":4},"end":{"line":84,"column":15}},"39":{"start":{"line":87,"column":0},"end":{"line":87,"column":75}}},"fnMap":{"0":{"name":"(anonymous_0)","decl":{"start":{"line":3,"column":19},"end":{"line":3,"column":20}},"loc":{"start":{"line":3,"column":45},"end":{"line":36,"column":1}},"line":3},"1":{"name":"(anonymous_1)","decl":{"start":{"line":38,"column":21},"end":{"line":38,"column":22}},"loc":{"start":{"line":38,"column":47},"end":{"line":47,"column":1}},"line":38},"2":{"name":"(anonymous_2)","decl":{"start":{"line":49,"column":22},"end":{"line":49,"column":23}},"loc":{"start":{"line":49,"column":48},"end":{"line":68,"column":1}},"line":49},"3":{"name":"(anonymous_3)","decl":{"start":{"line":70,"column":22},"end":{"line":70,"column":23}},"loc":{"start":{"line":70,"column":48},"end":{"line":86,"column":1}},"line":70}},"branchMap":{"0":{"loc":{"start":{"line":7,"column":4},"end":{"line":10,"column":5}},"type":"if","locations":[{"start":{"line":7,"column":4},"end":{"line":10,"column":5}},{"start":{},"end":{}}],"line":7},"1":{"loc":{"start":{"line":7,"column":8},"end":{"line":7,"column":72}},"type":"binary-expr","locations":[{"start":{"line":7,"column":8},"end":{"line":7,"column":13}},{"start":{"line":7,"column":17},"end":{"line":7,"column":29}},{"start":{"line":7,"column":33},"end":{"line":7,"column":39}},{"start":{"line":7,"column":43},"end":{"line":7,"column":52}},{"start":{"line":7,"column":56},"end":{"line":7,"column":62}},{"start":{"line":7,"column":66},"end":{"line":7,"column":72}}],"line":7},"2":{"loc":{"start":{"line":15,"column":4},"end":{"line":18,"column":5}},"type":"if","locations":[{"start":{"line":15,"column":4},"end":{"line":18,"column":5}},{"start":{},"end":{}}],"line":15},"3":{"loc":{"start":{"line":59,"column":4},"end":{"line":62,"column":5}},"type":"if","locations":[{"start":{"line":59,"column":4},"end":{"line":62,"column":5}},{"start":{},"end":{}}],"line":59},"4":{"loc":{"start":{"line":75,"column":4},"end":{"line":78,"column":5}},"type":"if","locations":[{"start":{"line":75,"column":4},"end":{"line":78,"column":5}},{"start":{},"end":{}}],"line":75}},"s":{"0":1,"1":1,"2":0,"3":0,"4":0,"5":0,"6":0,"7":0,"8":0,"9":0,"10":0,"11":0,"12":0,"13":0,"14":0,"15":1,"16":0,"17":0,"18":0,"19":0,"20":1,"21":0,"22":0,"23":0,"24":0,"25":0,"26":0,"27":0,"28":0,"29":0,"30":1,"31":0,"32":0,"33":0,"34":0,"35":0,"36":0,"37":0,"38":0,"39":1},"f":{"0":0,"1":0,"2":0,"3":0},"b":{"0":[0,0],"1":[0,0,0,0,0,0],"2":[0,0],"3":[0,0],"4":[0,0]},"_coverageSchema":"1a1c01bbd47fc00a2c39e90264f33305004495a9","hash":"5904fe84236021f269241a2e3340845c4178a952"}
,"D:\\INCIEM\\E-COMMERCE\\Backend\\src\\controller\\userController.js": {"path":"D:\\INCIEM\\E-COMMERCE\\Backend\\src\\controller\\userController.js","statementMap":{"0":{"start":{"line":1,"column":13},"end":{"line":1,"column":42}},"1":{"start":{"line":2,"column":26},"end":{"line":2,"column":55}},"2":{"start":{"line":4,"column":21},"end":{"line":34,"column":1}},"3":{"start":{"line":5,"column":2},"end":{"line":33,"column":3}},"4":{"start":{"line":6,"column":38},"end":{"line":6,"column":46}},"5":{"start":{"line":8,"column":4},"end":{"line":11,"column":5}},"6":{"start":{"line":9,"column":6},"end":{"line":9,"column":21}},"7":{"start":{"line":10,"column":6},"end":{"line":10,"column":52}},"8":{"start":{"line":12,"column":23},"end":{"line":14,"column":6}},"9":{"start":{"line":15,"column":4},"end":{"line":18,"column":5}},"10":{"start":{"line":16,"column":6},"end":{"line":16,"column":21}},"11":{"start":{"line":17,"column":6},"end":{"line":17,"column":44}},"12":{"start":{"line":19,"column":20},"end":{"line":23,"column":5}},"13":{"start":{"line":24,"column":17},"end":{"line":24,"column":43}},"14":{"start":{"line":25,"column":4},"end":{"line":30,"column":6}},"15":{"start":{"line":32,"column":4},"end":{"line":32,"column":15}},"16":{"start":{"line":36,"column":17},"end":{"line":56,"column":1}},"17":{"start":{"line":37,"column":2},"end":{"line":55,"column":3}},"18":{"start":{"line":38,"column":32},"end":{"line":38,"column":40}},"19":{"start":{"line":39,"column":17},"end":{"line":39,"column":46}},"20":{"start":{"line":40,"column":4},"end":{"line":52,"column":5}},"21":{"start":{"line":42,"column":6},"end":{"line":47,"column":8}},"22":{"start":{"line":49,"column":6},"end":{"line":51,"column":8}},"23":{"start":{"line":54,"column":4},"end":{"line":54,"column":15}},"24":{"start":{"line":58,"column":0},"end":{"line":58,"column":43}}},"fnMap":{"0":{"name":"(anonymous_0)","decl":{"start":{"line":4,"column":21},"end":{"line":4,"column":22}},"loc":{"start":{"line":4,"column":47},"end":{"line":34,"column":1}},"line":4},"1":{"name":"(anonymous_1)","decl":{"start":{"line":36,"column":17},"end":{"line":36,"column":18}},"loc":{"start":{"line":36,"column":43},"end":{"line":56,"column":1}},"line":36}},"branchMap":{"0":{"loc":{"start":{"line":8,"column":4},"end":{"line":11,"column":5}},"type":"if","locations":[{"start":{"line":8,"column":4},"end":{"line":11,"column":5}},{"start":{},"end":{}}],"line":8},"1":{"loc":{"start":{"line":8,"column":8},"end":{"line":8,"column":36}},"type":"binary-expr","locations":[{"start":{"line":8,"column":8},"end":{"line":8,"column":13}},{"start":{"line":8,"column":17},"end":{"line":8,"column":23}},{"start":{"line":8,"column":27},"end":{"line":8,"column":36}}],"line":8},"2":{"loc":{"start":{"line":15,"column":4},"end":{"line":18,"column":5}},"type":"if","locations":[{"start":{"line":15,"column":4},"end":{"line":18,"column":5}},{"start":{},"end":{}}],"line":15},"3":{"loc":{"start":{"line":40,"column":4},"end":{"line":52,"column":5}},"type":"if","locations":[{"start":{"line":40,"column":4},"end":{"line":52,"column":5}},{"start":{"line":48,"column":11},"end":{"line":52,"column":5}}],"line":40},"4":{"loc":{"start":{"line":40,"column":8},"end":{"line":40,"column":52}},"type":"binary-expr","locations":[{"start":{"line":40,"column":8},"end":{"line":40,"column":12}},{"start":{"line":40,"column":17},"end":{"line":40,"column":51}}],"line":40}},"s":{"0":1,"1":1,"2":1,"3":0,"4":0,"5":0,"6":0,"7":0,"8":0,"9":0,"10":0,"11":0,"12":0,"13":0,"14":0,"15":0,"16":1,"17":0,"18":0,"19":0,"20":0,"21":0,"22":0,"23":0,"24":1},"f":{"0":0,"1":0},"b":{"0":[0,0],"1":[0,0,0],"2":[0,0],"3":[0,0],"4":[0,0]},"_coverageSchema":"1a1c01bbd47fc00a2c39e90264f33305004495a9","hash":"5bb77f8c04066937c44e4ee438725b7fb94bd53f"}
,"D:\\INCIEM\\E-COMMERCE\\Backend\\src\\middlewares\\errorHandler.js": {"path":"D:\\INCIEM\\E-COMMERCE\\Backend\\src\\middlewares\\errorHandler.js","statementMap":{"0":{"start":{"line":1,"column":21},"end":{"line":7,"column":1}},"1":{"start":{"line":2,"column":21},"end":{"line":2,"column":35}},"2":{"start":{"line":3,"column":2},"end":{"line":3,"column":24}},"3":{"start":{"line":4,"column":2},"end":{"line":6,"column":4}},"4":{"start":{"line":9,"column":25},"end":{"line":14,"column":1}},"5":{"start":{"line":10,"column":2},"end":{"line":13,"column":4}},"6":{"start":{"line":16,"column":0},"end":{"line":16,"column":51}}},"fnMap":{"0":{"name":"(anonymous_0)","decl":{"start":{"line":1,"column":21},"end":{"line":1,"column":22}},"loc":{"start":{"line":1,"column":35},"end":{"line":7,"column":1}},"line":1},"1":{"name":"(anonymous_1)","decl":{"start":{"line":9,"column":25},"end":{"line":9,"column":26}},"loc":{"start":{"line":9,"column":39},"end":{"line":14,"column":1}},"line":9}},"branchMap":{},"s":{"0":1,"1":0,"2":0,"3":0,"4":1,"5":0,"6":1},"f":{"0":0,"1":0},"b":{},"_coverageSchema":"1a1c01bbd47fc00a2c39e90264f33305004495a9","hash":"0248048fd61606d0dc98cd54d939071f74854126"}
,"D:\\INCIEM\\E-COMMERCE\\Backend\\src\\middlewares\\verifyToken.js": {"path":"D:\\INCIEM\\E-COMMERCE\\Backend\\src\\middlewares\\verifyToken.js","statementMap":{"0":{"start":{"line":1,"column":12},"end":{"line":1,"column":35}},"1":{"start":{"line":2,"column":13},"end":{"line":2,"column":42}},"2":{"start":{"line":3,"column":20},"end":{"line":31,"column":1}},"3":{"start":{"line":6,"column":2},"end":{"line":24,"column":3}},"4":{"start":{"line":10,"column":4},"end":{"line":23,"column":5}},"5":{"start":{"line":11,"column":6},"end":{"line":11,"column":53}},"6":{"start":{"line":14,"column":22},"end":{"line":14,"column":63}},"7":{"start":{"line":16,"column":6},"end":{"line":16,"column":68}},"8":{"start":{"line":17,"column":6},"end":{"line":17,"column":12}},"9":{"start":{"line":19,"column":6},"end":{"line":19,"column":53}},"10":{"start":{"line":20,"column":6},"end":{"line":22,"column":8}},"11":{"start":{"line":26,"column":2},"end":{"line":30,"column":3}},"12":{"start":{"line":27,"column":4},"end":{"line":29,"column":6}},"13":{"start":{"line":33,"column":0},"end":{"line":33,"column":30}}},"fnMap":{"0":{"name":"(anonymous_0)","decl":{"start":{"line":3,"column":20},"end":{"line":3,"column":21}},"loc":{"start":{"line":3,"column":46},"end":{"line":31,"column":1}},"line":3}},"branchMap":{"0":{"loc":{"start":{"line":6,"column":2},"end":{"line":24,"column":3}},"type":"if","locations":[{"start":{"line":6,"column":2},"end":{"line":24,"column":3}},{"start":{},"end":{}}],"line":6},"1":{"loc":{"start":{"line":7,"column":4},"end":{"line":8,"column":50}},"type":"binary-expr","locations":[{"start":{"line":7,"column":4},"end":{"line":7,"column":29}},{"start":{"line":8,"column":4},"end":{"line":8,"column":50}}],"line":7},"2":{"loc":{"start":{"line":26,"column":2},"end":{"line":30,"column":3}},"type":"if","locations":[{"start":{"line":26,"column":2},"end":{"line":30,"column":3}},{"start":{},"end":{}}],"line":26}},"s":{"0":1,"1":1,"2":1,"3":2,"4":2,"5":2,"6":2,"7":2,"8":2,"9":0,"10":0,"11":2,"12":0,"13":1},"f":{"0":2},"b":{"0":[2,0],"1":[2,2],"2":[0,2]},"_coverageSchema":"1a1c01bbd47fc00a2c39e90264f33305004495a9","hash":"898df96dd605815dc84c84aba63b6163f891a66e"}
,"D:\\INCIEM\\E-COMMERCE\\Backend\\src\\model\\orderModel.js": {"path":"D:\\INCIEM\\E-COMMERCE\\Backend\\src\\model\\orderModel.js","statementMap":{"0":{"start":{"line":1,"column":17},"end":{"line":1,"column":36}},"1":{"start":{"line":3,"column":20},"end":{"line":23,"column":2}},"2":{"start":{"line":24,"column":14},"end":{"line":24,"column":50}},"3":{"start":{"line":26,"column":0},"end":{"line":26,"column":22}}},"fnMap":{},"branchMap":{},"s":{"0":1,"1":1,"2":1,"3":1},"f":{},"b":{},"_coverageSchema":"1a1c01bbd47fc00a2c39e90264f33305004495a9","hash":"6bbe68d82277f6be94deedcbe973fb445425ba86"}
,"D:\\INCIEM\\E-COMMERCE\\Backend\\src\\model\\productModel.js": {"path":"D:\\INCIEM\\E-COMMERCE\\Backend\\src\\model\\productModel.js","statementMap":{"0":{"start":{"line":1,"column":17},"end":{"line":1,"column":36}},"1":{"start":{"line":2,"column":22},"end":{"line":52,"column":1}},"2":{"start":{"line":54,"column":16},"end":{"line":54,"column":56}},"3":{"start":{"line":56,"column":0},"end":{"line":56,"column":24}}},"fnMap":{},"branchMap":{},"s":{"0":1,"1":1,"2":1,"3":1},"f":{},"b":{},"_coverageSchema":"1a1c01bbd47fc00a2c39e90264f33305004495a9","hash":"decf67076f6d2e4a9cb96c818c241e0527941f03"}
,"D:\\INCIEM\\E-COMMERCE\\Backend\\src\\model\\userModel.js": {"path":"D:\\INCIEM\\E-COMMERCE\\Backend\\src\\model\\userModel.js","statementMap":{"0":{"start":{"line":1,"column":17},"end":{"line":1,"column":36}},"1":{"start":{"line":2,"column":15},"end":{"line":2,"column":34}},"2":{"start":{"line":4,"column":19},"end":{"line":23,"column":1}},"3":{"start":{"line":25,"column":0},"end":{"line":27,"column":1}},"4":{"start":{"line":26,"column":2},"end":{"line":26,"column":61}},"5":{"start":{"line":30,"column":0},"end":{"line":37,"column":2}},"6":{"start":{"line":31,"column":2},"end":{"line":33,"column":3}},"7":{"start":{"line":32,"column":4},"end":{"line":32,"column":10}},"8":{"start":{"line":34,"column":15},"end":{"line":34,"column":39}},"9":{"start":{"line":36,"column":2},"end":{"line":36,"column":56}},"10":{"start":{"line":39,"column":13},"end":{"line":39,"column":47}},"11":{"start":{"line":41,"column":0},"end":{"line":41,"column":21}}},"fnMap":{"0":{"name":"(anonymous_0)","decl":{"start":{"line":25,"column":35},"end":{"line":25,"column":36}},"loc":{"start":{"line":25,"column":68},"end":{"line":27,"column":1}},"line":25},"1":{"name":"(anonymous_1)","decl":{"start":{"line":30,"column":23},"end":{"line":30,"column":24}},"loc":{"start":{"line":30,"column":45},"end":{"line":37,"column":1}},"line":30}},"branchMap":{"0":{"loc":{"start":{"line":31,"column":2},"end":{"line":33,"column":3}},"type":"if","locations":[{"start":{"line":31,"column":2},"end":{"line":33,"column":3}},{"start":{},"end":{}}],"line":31}},"s":{"0":1,"1":1,"2":1,"3":1,"4":0,"5":1,"6":0,"7":0,"8":0,"9":0,"10":1,"11":1},"f":{"0":0,"1":0},"b":{"0":[0,0]},"_coverageSchema":"1a1c01bbd47fc00a2c39e90264f33305004495a9","hash":"5eb67e0fe8eafd8683563ddb4c9d2429e3c45b52"}
,"D:\\INCIEM\\E-COMMERCE\\Backend\\src\\routes\\orderRoutes.js": {"path":"D:\\INCIEM\\E-COMMERCE\\Backend\\src\\routes\\orderRoutes.js","statementMap":{"0":{"start":{"line":1,"column":16},"end":{"line":1,"column":34}},"1":{"start":{"line":2,"column":22},"end":{"line":2,"column":59}},"2":{"start":{"line":8,"column":4},"end":{"line":8,"column":44}},"3":{"start":{"line":10,"column":15},"end":{"line":10,"column":31}},"4":{"start":{"line":13,"column":0},"end":{"line":13,"column":51}},"5":{"start":{"line":15,"column":0},"end":{"line":15,"column":60}},"6":{"start":{"line":17,"column":0},"end":{"line":17,"column":62}},"7":{"start":{"line":19,"column":0},"end":{"line":19,"column":65}},"8":{"start":{"line":21,"column":0},"end":{"line":21,"column":23}}},"fnMap":{},"branchMap":{},"s":{"0":1,"1":1,"2":1,"3":1,"4":1,"5":1,"6":1,"7":1,"8":1},"f":{},"b":{},"_coverageSchema":"1a1c01bbd47fc00a2c39e90264f33305004495a9","hash":"12e607ea7e7cc6fc10e04467593559206a638a79"}
,"D:\\INCIEM\\E-COMMERCE\\Backend\\src\\routes\\productRoutes.js": {"path":"D:\\INCIEM\\E-COMMERCE\\Backend\\src\\routes\\productRoutes.js","statementMap":{"0":{"start":{"line":1,"column":16},"end":{"line":1,"column":34}},"1":{"start":{"line":7,"column":4},"end":{"line":7,"column":46}},"2":{"start":{"line":8,"column":22},"end":{"line":8,"column":59}},"3":{"start":{"line":10,"column":15},"end":{"line":10,"column":31}},"4":{"start":{"line":13,"column":0},"end":{"line":13,"column":50}},"5":{"start":{"line":15,"column":0},"end":{"line":15,"column":52}},"6":{"start":{"line":17,"column":0},"end":{"line":17,"column":59}},"7":{"start":{"line":19,"column":0},"end":{"line":19,"column":62}},"8":{"start":{"line":21,"column":0},"end":{"line":21,"column":23}}},"fnMap":{},"branchMap":{},"s":{"0":1,"1":1,"2":1,"3":1,"4":1,"5":1,"6":1,"7":1,"8":1},"f":{},"b":{},"_coverageSchema":"1a1c01bbd47fc00a2c39e90264f33305004495a9","hash":"0d822363bd61bb519f59348fd13273886f6e5458"}
,"D:\\INCIEM\\E-COMMERCE\\Backend\\src\\routes\\userRoutes.js": {"path":"D:\\INCIEM\\E-COMMERCE\\Backend\\src\\routes\\userRoutes.js","statementMap":{"0":{"start":{"line":1,"column":16},"end":{"line":1,"column":34}},"1":{"start":{"line":2,"column":35},"end":{"line":2,"column":74}},"2":{"start":{"line":4,"column":15},"end":{"line":4,"column":31}},"3":{"start":{"line":7,"column":0},"end":{"line":7,"column":36}},"4":{"start":{"line":10,"column":0},"end":{"line":10,"column":31}},"5":{"start":{"line":12,"column":0},"end":{"line":12,"column":23}}},"fnMap":{},"branchMap":{},"s":{"0":1,"1":1,"2":1,"3":1,"4":1,"5":1},"f":{},"b":{},"_coverageSchema":"1a1c01bbd47fc00a2c39e90264f33305004495a9","hash":"94f6dd61e6261a598cfd0d26aa49630ad056eab6"}
}
